<?xml version="1.0" encoding="UTF-8"?>
<!-- Generated by org.testng.reporters.JUnitXMLReporter -->
<testsuite hostname="LAPTOP-AU8KJ4T0" ignored="0" name="Surefire test" tests="3" failures="0" timestamp="17 Apr 2019 18:52:58 GMT" time="0.057" errors="0">
  <testcase name="FirstTest" time="0.009" classname="com.infosys.app.FirstmavenclassTest"/>
  <testcase name="secondTest" time="0.0" classname="com.infosys.app.SecondmavenclassTest"/>
  <testcase name="thirdtest" time="0.0" classname="com.infosys.app.ThirdmavenclassTest"/>
</testsuite> <!-- Surefire test -->
