<?xml version="1.0" encoding="UTF-8"?>
<testng-results skipped="0" failed="0" ignored="0" total="1" passed="1">
  <reporter-output>
  </reporter-output>
  <suite name="Suite" duration-ms="79" started-at="2019-04-17T19:31:43Z" finished-at="2019-04-17T19:31:43Z">
    <groups>
    </groups>
    <test name="Test" duration-ms="79" started-at="2019-04-17T19:31:43Z" finished-at="2019-04-17T19:31:43Z">
      <class name="com.infosys.app.FirstmavenclassTest">
        <test-method status="PASS" signature="FirstTest()[pri:0, instance:com.infosys.app.FirstmavenclassTest@73f792cf]" name="FirstTest" duration-ms="19" started-at="2019-04-17T19:31:43Z" finished-at="2019-04-17T19:31:43Z">
          <reporter-output>
          </reporter-output>
        </test-method> <!-- FirstTest -->
      </class> <!-- com.infosys.app.FirstmavenclassTest -->
    </test> <!-- Test -->
  </suite> <!-- Suite -->
</testng-results>
